2019-12-23 19:58:10,970 - BrowserEngine - INFO - You select Chrome browser.
2019-12-23 19:58:10,971 - BrowserEngine - INFO - The test server url is: https://www.baidu.com
2019-12-23 19:58:12,852 - BrowserEngine - INFO - Starting chrome browser.
2019-12-23 19:58:13,546 - BrowserEngine - INFO - Open url: https://www.baidu.com
2019-12-23 19:58:13,675 - BrowserEngine - INFO - Maximize the current window.
2019-12-23 19:58:13,676 - BrowserEngine - INFO - Set implicitly wait 10s.
2019-12-23 19:58:13,701 - BasePage - INFO - Find the element '  ' successful, by id via value: kw 
2019-12-23 19:58:13,900 - BasePage - INFO - Type ' selenium ' in input box.
2019-12-23 19:58:13,987 - BasePage - INFO - The element '  ' was clicked.
2019-12-23 19:58:15,695 - BasePage - INFO - Take screenshot and save it to /screenshots folder.
2019-12-23 19:58:15,700 - BasePage - INFO - Current page title is selenium_百度搜索
2019-12-23 19:58:15,717 - BasePage - INFO - Find the element '  ' successful, by id via value: kw 
2019-12-23 19:58:15,844 - BasePage - INFO - Type ' python ' in input box.
2019-12-23 19:58:15,907 - BasePage - INFO - The element '  ' was clicked.
2019-12-23 19:58:18,486 - BasePage - INFO - Take screenshot and save it to /screenshots folder.
2019-12-23 19:58:18,628 - BrowserEngine - INFO - You select Chrome browser.
2019-12-23 19:58:18,628 - BrowserEngine - INFO - The test server url is: https://www.baidu.com
2019-12-23 19:58:20,693 - BrowserEngine - INFO - Starting chrome browser.
2019-12-23 19:58:21,576 - BrowserEngine - INFO - Open url: https://www.baidu.com
2019-12-23 19:58:21,711 - BrowserEngine - INFO - Maximize the current window.
2019-12-23 19:58:21,773 - BrowserEngine - INFO - Set implicitly wait 10s.
2019-12-23 19:58:22,312 - BasePage - INFO - Take screenshot and save it to /screenshots folder.
