2019-12-23 21:35:15,111 - BrowserEngine - INFO - You select Chrome browser.
2019-12-23 21:35:15,111 - BrowserEngine - INFO - The test server url is: https://www.baidu.com
2019-12-23 21:35:16,966 - BrowserEngine - INFO - Starting chrome browser.
2019-12-23 21:35:17,634 - BrowserEngine - INFO - Open url: https://www.baidu.com
2019-12-23 21:35:17,760 - BrowserEngine - INFO - Maximize the current window.
2019-12-23 21:35:17,761 - BrowserEngine - INFO - Set implicitly wait 10s.
2019-12-23 21:35:17,783 - BasePage - INFO - Find the element '  ' successful, by id via value: kw 
2019-12-23 21:35:17,940 - BasePage - INFO - Type ' selenium ' in input box.
2019-12-23 21:35:18,044 - BasePage - INFO - The element '  ' was clicked.
2019-12-23 21:35:19,685 - BasePage - INFO - Take screenshot and save it to /screenshots folder.
2019-12-23 21:35:19,691 - BasePage - INFO - Current page title is selenium_百度搜索
2019-12-23 21:35:19,707 - BasePage - INFO - Find the element '  ' successful, by id via value: kw 
2019-12-23 21:35:19,812 - BasePage - INFO - Type ' python ' in input box.
2019-12-23 21:35:19,862 - BasePage - INFO - The element '  ' was clicked.
2019-12-23 21:35:22,497 - BasePage - INFO - Take screenshot and save it to /screenshots folder.
2019-12-23 21:35:22,603 - BrowserEngine - INFO - You select Chrome browser.
2019-12-23 21:35:22,603 - BrowserEngine - INFO - The test server url is: https://www.baidu.com
2019-12-23 21:35:24,423 - BrowserEngine - INFO - Starting chrome browser.
2019-12-23 21:35:25,083 - BrowserEngine - INFO - Open url: https://www.baidu.com
2019-12-23 21:35:25,207 - BrowserEngine - INFO - Maximize the current window.
2019-12-23 21:35:25,208 - BrowserEngine - INFO - Set implicitly wait 10s.
2019-12-23 21:35:25,696 - BasePage - INFO - Take screenshot and save it to /screenshots folder.
