2019-12-21 19:40:00,988 - BrowserEngine - INFO - You select Chrome browser.
2019-12-21 19:40:00,989 - BrowserEngine - INFO - The test server url is: https://www.baidu.com
2019-12-21 19:40:03,241 - BrowserEngine - INFO - Starting chrome browser.
2019-12-21 19:40:04,040 - BrowserEngine - INFO - Open url: https://www.baidu.com
2019-12-21 19:40:04,179 - BrowserEngine - INFO - Maximize the current window.
2019-12-21 19:40:04,180 - BrowserEngine - INFO - Set implicitly wait 10s.
2019-12-21 19:40:04,203 - BasePage - INFO - Find the element '  ' successful, by id via value: kw 
2019-12-21 19:40:04,396 - BasePage - INFO - Type ' selenium ' in input box.
2019-12-21 19:40:04,493 - BasePage - INFO - The element '  ' was clicked.
2019-12-21 19:40:06,212 - BasePage - INFO - Take screenshot and save it to /screenshots folder.
2019-12-21 19:40:06,217 - BasePage - INFO - Current page title is selenium_百度搜索
2019-12-21 19:40:06,232 - BasePage - INFO - Find the element '  ' successful, by id via value: kw 
2019-12-21 19:40:06,374 - BasePage - INFO - Type ' python ' in input box.
2019-12-21 19:40:06,452 - BasePage - INFO - The element '  ' was clicked.
2019-12-21 19:40:09,020 - BasePage - INFO - Take screenshot and save it to /screenshots folder.
2019-12-21 19:40:09,163 - BrowserEngine - INFO - You select Chrome browser.
2019-12-21 19:40:09,164 - BrowserEngine - INFO - The test server url is: https://www.baidu.com
2019-12-21 19:40:11,574 - BrowserEngine - INFO - Starting chrome browser.
2019-12-21 19:40:12,354 - BrowserEngine - INFO - Open url: https://www.baidu.com
2019-12-21 19:40:12,492 - BrowserEngine - INFO - Maximize the current window.
2019-12-21 19:40:12,493 - BrowserEngine - INFO - Set implicitly wait 10s.
2019-12-21 19:40:13,013 - BasePage - INFO - Take screenshot and save it to /screenshots folder.
