2019-12-23 21:41:14,261 - BrowserEngine - INFO - You select Chrome browser.
2019-12-23 21:41:14,261 - BrowserEngine - INFO - The test server url is: https://www.baidu.com
2019-12-23 21:41:16,049 - BrowserEngine - INFO - Starting chrome browser.
2019-12-23 21:41:16,728 - BrowserEngine - INFO - Open url: https://www.baidu.com
2019-12-23 21:41:16,851 - BrowserEngine - INFO - Maximize the current window.
2019-12-23 21:41:16,852 - BrowserEngine - INFO - Set implicitly wait 10s.
2019-12-23 21:41:16,874 - BasePage - INFO - Find the element '  ' successful, by id via value: kw 
2019-12-23 21:41:17,030 - BasePage - INFO - Type ' selenium ' in input box.
2019-12-23 21:41:17,111 - BasePage - INFO - The element '  ' was clicked.
2019-12-23 21:41:18,759 - BasePage - INFO - Take screenshot and save it to /screenshots folder.
2019-12-23 21:41:18,765 - BasePage - INFO - Current page title is selenium_百度搜索
2019-12-23 21:41:18,780 - BasePage - INFO - Find the element '  ' successful, by id via value: kw 
2019-12-23 21:41:18,888 - BasePage - INFO - Type ' python ' in input box.
2019-12-23 21:41:18,941 - BasePage - INFO - The element '  ' was clicked.
2019-12-23 21:41:21,517 - BasePage - INFO - Take screenshot and save it to /screenshots folder.
2019-12-23 21:41:21,624 - BrowserEngine - INFO - You select Chrome browser.
2019-12-23 21:41:21,624 - BrowserEngine - INFO - The test server url is: https://www.baidu.com
2019-12-23 21:41:23,402 - BrowserEngine - INFO - Starting chrome browser.
2019-12-23 21:41:24,078 - BrowserEngine - INFO - Open url: https://www.baidu.com
2019-12-23 21:41:24,204 - BrowserEngine - INFO - Maximize the current window.
2019-12-23 21:41:24,205 - BrowserEngine - INFO - Set implicitly wait 10s.
2019-12-23 21:41:24,693 - BasePage - INFO - Take screenshot and save it to /screenshots folder.
