2019-12-23 21:09:36,391 - BrowserEngine - INFO - You select Chrome browser.
2019-12-23 21:09:36,391 - BrowserEngine - INFO - The test server url is: https://www.baidu.com
2019-12-23 21:09:38,211 - BrowserEngine - INFO - Starting chrome browser.
2019-12-23 21:09:38,878 - BrowserEngine - INFO - Open url: https://www.baidu.com
2019-12-23 21:09:39,000 - BrowserEngine - INFO - Maximize the current window.
2019-12-23 21:09:39,002 - BrowserEngine - INFO - Set implicitly wait 10s.
2019-12-23 21:09:39,023 - BasePage - INFO - Find the element '  ' successful, by id via value: kw 
2019-12-23 21:09:39,175 - BasePage - INFO - Type ' selenium ' in input box.
2019-12-23 21:09:39,257 - BasePage - INFO - The element '  ' was clicked.
2019-12-23 21:09:40,903 - BasePage - INFO - Take screenshot and save it to /screenshots folder.
2019-12-23 21:09:40,908 - BasePage - INFO - Current page title is selenium_百度搜索
2019-12-23 21:09:40,924 - BasePage - INFO - Find the element '  ' successful, by id via value: kw 
2019-12-23 21:09:41,030 - BasePage - INFO - Type ' python ' in input box.
2019-12-23 21:09:41,081 - BasePage - INFO - The element '  ' was clicked.
2019-12-23 21:09:43,649 - BasePage - INFO - Take screenshot and save it to /screenshots folder.
2019-12-23 21:09:43,763 - BrowserEngine - INFO - You select Chrome browser.
2019-12-23 21:09:43,764 - BrowserEngine - INFO - The test server url is: https://www.baidu.com
2019-12-23 21:09:45,680 - BrowserEngine - INFO - Starting chrome browser.
2019-12-23 21:09:46,342 - BrowserEngine - INFO - Open url: https://www.baidu.com
2019-12-23 21:09:46,470 - BrowserEngine - INFO - Maximize the current window.
2019-12-23 21:09:46,472 - BrowserEngine - INFO - Set implicitly wait 10s.
2019-12-23 21:09:46,960 - BasePage - INFO - Take screenshot and save it to /screenshots folder.
