2019-12-22 23:28:24,134 - BrowserEngine - INFO - You select Chrome browser.
2019-12-22 23:28:24,135 - BrowserEngine - INFO - The test server url is: https://www.baidu.com
2019-12-22 23:28:26,037 - BrowserEngine - INFO - Starting chrome browser.
2019-12-22 23:28:30,146 - BrowserEngine - INFO - Open url: https://www.baidu.com
2019-12-22 23:28:30,392 - BrowserEngine - INFO - Maximize the current window.
2019-12-22 23:28:30,393 - BrowserEngine - INFO - Set implicitly wait 10s.
2019-12-22 23:28:30,421 - BasePage - INFO - Find the element '  ' successful, by id via value: kw 
2019-12-22 23:28:30,567 - BasePage - INFO - Type ' selenium ' in input box.
2019-12-22 23:28:30,664 - BasePage - INFO - The element '  ' was clicked.
2019-12-22 23:28:32,431 - BasePage - INFO - Take screenshot and save it to /screenshots folder.
2019-12-22 23:28:32,437 - BasePage - INFO - Current page title is selenium_百度搜索
2019-12-22 23:28:32,453 - BasePage - INFO - Find the element '  ' successful, by id via value: kw 
2019-12-22 23:28:32,534 - BasePage - INFO - Type ' python ' in input box.
2019-12-22 23:28:32,585 - BasePage - INFO - The element '  ' was clicked.
2019-12-22 23:28:35,143 - BasePage - INFO - Take screenshot and save it to /screenshots folder.
2019-12-22 23:28:35,232 - BrowserEngine - INFO - You select Chrome browser.
2019-12-22 23:28:35,232 - BrowserEngine - INFO - The test server url is: https://www.baidu.com
2019-12-22 23:28:37,087 - BrowserEngine - INFO - Starting chrome browser.
2019-12-22 23:28:38,763 - BrowserEngine - INFO - Open url: https://www.baidu.com
2019-12-22 23:28:38,893 - BrowserEngine - INFO - Maximize the current window.
2019-12-22 23:28:38,895 - BrowserEngine - INFO - Set implicitly wait 10s.
2019-12-22 23:28:39,406 - BasePage - INFO - Take screenshot and save it to /screenshots folder.
