2019-12-22 19:42:17,596 - BrowserEngine - INFO - You select Chrome browser.
2019-12-22 19:42:17,596 - BrowserEngine - INFO - The test server url is: https://www.baidu.com
2019-12-22 19:42:19,848 - BrowserEngine - INFO - Starting chrome browser.
2019-12-22 19:42:20,729 - BrowserEngine - INFO - Open url: https://www.baidu.com
2019-12-22 19:42:20,855 - BrowserEngine - INFO - Maximize the current window.
2019-12-22 19:42:20,856 - BrowserEngine - INFO - Set implicitly wait 10s.
2019-12-22 19:42:20,884 - BasePage - INFO - Find the element '  ' successful, by id via value: kw 
2019-12-22 19:42:21,043 - BasePage - INFO - Type ' selenium ' in input box.
2019-12-22 19:42:21,128 - BasePage - INFO - The element '  ' was clicked.
2019-12-22 19:42:22,788 - BasePage - INFO - Take screenshot and save it to /screenshots folder.
2019-12-22 19:42:22,793 - BasePage - INFO - Current page title is selenium_百度搜索
2019-12-22 19:42:22,808 - BasePage - INFO - Find the element '  ' successful, by id via value: kw 
2019-12-22 19:42:22,913 - BasePage - INFO - Type ' python ' in input box.
2019-12-22 19:42:22,966 - BasePage - INFO - The element '  ' was clicked.
2019-12-22 19:42:25,512 - BasePage - INFO - Take screenshot and save it to /screenshots folder.
2019-12-22 19:42:25,621 - BrowserEngine - INFO - You select Chrome browser.
2019-12-22 19:42:25,621 - BrowserEngine - INFO - The test server url is: https://www.baidu.com
2019-12-22 19:42:27,449 - BrowserEngine - INFO - Starting chrome browser.
2019-12-22 19:42:28,024 - BrowserEngine - INFO - Open url: https://www.baidu.com
2019-12-22 19:42:28,145 - BrowserEngine - INFO - Maximize the current window.
2019-12-22 19:42:28,146 - BrowserEngine - INFO - Set implicitly wait 10s.
2019-12-22 19:42:28,641 - BasePage - INFO - Take screenshot and save it to /screenshots folder.
