2019-12-23 19:57:31,365 - BrowserEngine - INFO - You select Chrome browser.
2019-12-23 19:57:31,366 - BrowserEngine - INFO - The test server url is: https://www.baidu.com
2019-12-23 19:57:34,457 - BrowserEngine - INFO - Starting chrome browser.
2019-12-23 19:57:35,145 - BrowserEngine - INFO - Open url: https://www.baidu.com
2019-12-23 19:57:35,269 - BrowserEngine - INFO - Maximize the current window.
2019-12-23 19:57:35,270 - BrowserEngine - INFO - Set implicitly wait 10s.
2019-12-23 19:57:35,299 - BasePage - INFO - Find the element '  ' successful, by id via value: kw 
2019-12-23 19:57:35,473 - BasePage - INFO - Type ' selenium ' in input box.
2019-12-23 19:57:35,575 - BasePage - INFO - The element '  ' was clicked.
2019-12-23 19:57:37,253 - BasePage - INFO - Take screenshot and save it to /screenshots folder.
2019-12-23 19:57:37,258 - BasePage - INFO - Current page title is selenium_百度搜索
2019-12-23 19:57:37,273 - BasePage - INFO - Find the element '  ' successful, by id via value: kw 
2019-12-23 19:57:37,392 - BasePage - INFO - Type ' python ' in input box.
2019-12-23 19:57:37,449 - BasePage - INFO - The element '  ' was clicked.
2019-12-23 19:57:40,012 - BasePage - INFO - Take screenshot and save it to /screenshots folder.
2019-12-23 19:57:40,148 - BrowserEngine - INFO - You select Chrome browser.
2019-12-23 19:57:40,148 - BrowserEngine - INFO - The test server url is: https://www.baidu.com
2019-12-23 19:57:42,078 - BrowserEngine - INFO - Starting chrome browser.
2019-12-23 19:57:42,765 - BrowserEngine - INFO - Open url: https://www.baidu.com
2019-12-23 19:57:42,894 - BrowserEngine - INFO - Maximize the current window.
2019-12-23 19:57:42,896 - BrowserEngine - INFO - Set implicitly wait 10s.
2019-12-23 19:57:43,408 - BasePage - INFO - Take screenshot and save it to /screenshots folder.
